 2023-05-28 01:29:32,336 : INFO : Test_Customer : test_addcust : 20 :  test 003 is staretd
 2023-05-28 01:29:32,337 : INFO : Test_Customer : test_addcust : 21 : Opening Browser
 2023-05-28 01:30:47,683 : INFO : Test_Customer : test_AddCust003 : 20 :  test 003 is staretd
 2023-05-28 01:30:47,684 : INFO : Test_Customer : test_AddCust003 : 21 : Opening Browser
 2023-05-28 01:31:32,828 : INFO : Test_Customer : test_AddCust003 : 20 :  test 003 is staretd
 2023-05-28 01:31:32,828 : INFO : Test_Customer : test_AddCust003 : 21 : Opening Browser
 2023-05-28 01:31:37,561 : INFO : Test_Customer : test_AddCust003 : 23 : GO to this Url-->https://admin-demo.nopcommerce.com/
 2023-05-28 01:31:37,664 : INFO : Test_Customer : test_AddCust003 : 26 : Enterting the Emailadmin@yourstore.com
 2023-05-28 01:31:37,698 : INFO : Test_Customer : test_AddCust003 : 28 : Entering the Passwordadmin
 2023-05-28 01:31:39,989 : INFO : Test_Customer : test_AddCust003 : 30 : click the login Button
 2023-05-28 01:31:42,263 : INFO : Test_Customer : test_AddCust003 : 33 : Click the Customer Buttion
 2023-05-28 01:31:43,150 : INFO : Test_Customer : test_AddCust003 : 36 : click inside button
 2023-05-28 01:31:44,295 : INFO : Test_Customer : test_AddCust003 : 39 : click new add
 2023-05-28 01:31:44,431 : INFO : Test_Customer : test_AddCust003 : 42 : click the new Email
 2023-05-28 01:31:44,447 : INFO : Test_Customer : test_AddCust003 : 44 : Click the new Password
 2023-05-28 01:31:44,465 : INFO : Test_Customer : test_AddCust003 : 47 : click the first name
 2023-05-28 01:31:44,475 : INFO : Test_Customer : test_AddCust003 : 49 : click the last name
 2023-05-28 01:31:45,197 : INFO : Test_Customer : test_AddCust003 : 51 : Enter the Gender
 2023-05-28 01:31:45,241 : INFO : Test_Customer : test_AddCust003 : 53 : Enter the DOB
 2023-05-28 01:31:45,524 : INFO : Test_Customer : test_AddCust003 : 55 : Click the Calender
 2023-05-28 01:31:46,295 : INFO : Test_Customer : test_AddCust003 : 57 : click the save
 2023-05-28 01:46:23,626 : INFO : Test_Customer : test_AddCust003 : 20 :  test 003 is staretd
 2023-05-28 01:46:23,627 : INFO : Test_Customer : test_AddCust003 : 21 : Opening Browser
 2023-05-28 01:46:27,639 : INFO : Test_Customer : test_AddCust003 : 23 : GO to this Url-->https://admin-demo.nopcommerce.com/
 2023-05-28 01:46:27,767 : INFO : Test_Customer : test_AddCust003 : 26 : Enterting the Emailadmin@yourstore.com
 2023-05-28 01:46:27,817 : INFO : Test_Customer : test_AddCust003 : 28 : Entering the Passwordadmin
 2023-05-28 01:46:30,532 : INFO : Test_Customer : test_AddCust003 : 30 : click the login Button
 2023-05-28 01:46:32,766 : INFO : Test_Customer : test_AddCust003 : 33 : Click the Customer Buttion
 2023-05-28 01:46:33,761 : INFO : Test_Customer : test_AddCust003 : 36 : click inside button
 2023-05-28 01:46:36,269 : INFO : Test_Customer : test_AddCust003 : 39 : click new add
 2023-05-28 01:46:36,340 : INFO : Test_Customer : test_AddCust003 : 42 : click the new Email
 2023-05-28 01:46:36,369 : INFO : Test_Customer : test_AddCust003 : 44 : Click the new Password
 2023-05-28 01:46:36,378 : INFO : Test_Customer : test_AddCust003 : 47 : click the first name
 2023-05-28 01:46:36,397 : INFO : Test_Customer : test_AddCust003 : 49 : click the last name
 2023-05-28 01:46:37,121 : INFO : Test_Customer : test_AddCust003 : 51 : Enter the Gender
 2023-05-28 01:46:37,146 : INFO : Test_Customer : test_AddCust003 : 53 : Enter the DOB
 2023-05-28 01:46:37,401 : INFO : Test_Customer : test_AddCust003 : 55 : Click the Calender
 2023-05-28 01:46:38,520 : INFO : Test_Customer : test_AddCust003 : 57 : click the save
 2023-05-28 09:29:00,426 : INFO : Test_Customer : test_AddCust003 : 20 :  test 003 is staretd
 2023-05-28 09:29:00,427 : INFO : Test_Customer : test_AddCust003 : 21 : Opening Browser
 2023-05-28 09:29:04,881 : INFO : Test_Customer : test_AddCust003 : 23 : GO to this Url-->https://admin-demo.nopcommerce.com/
 2023-05-28 09:29:04,991 : INFO : Test_Customer : test_AddCust003 : 26 : Enterting the Emailadmin@yourstore.com
 2023-05-28 09:29:05,023 : INFO : Test_Customer : test_AddCust003 : 28 : Entering the Passwordadmin
 2023-05-28 09:29:06,861 : INFO : Test_Customer : test_AddCust003 : 30 : click the login Button
 2023-05-28 09:29:09,090 : INFO : Test_Customer : test_AddCust003 : 33 : Click the Customer Buttion
 2023-05-28 09:29:09,916 : INFO : Test_Customer : test_AddCust003 : 36 : click inside button
 2023-05-28 09:29:10,721 : INFO : Test_Customer : test_AddCust003 : 39 : click new add
 2023-05-28 09:30:04,613 : INFO : Test_Customer : test_AddCust003 : 20 :  test 003 is staretd
 2023-05-28 09:30:04,614 : INFO : Test_Customer : test_AddCust003 : 21 : Opening Browser
 2023-05-28 09:30:08,104 : INFO : Test_Customer : test_AddCust003 : 23 : GO to this Url-->https://admin-demo.nopcommerce.com/
 2023-05-28 09:30:08,186 : INFO : Test_Customer : test_AddCust003 : 26 : Enterting the Emailadmin@yourstore.com
 2023-05-28 09:30:08,218 : INFO : Test_Customer : test_AddCust003 : 28 : Entering the Passwordadmin
 2023-05-28 09:30:10,098 : INFO : Test_Customer : test_AddCust003 : 30 : click the login Button
 2023-05-28 09:30:12,328 : INFO : Test_Customer : test_AddCust003 : 33 : Click the Customer Buttion
 2023-05-28 09:30:13,194 : INFO : Test_Customer : test_AddCust003 : 36 : click inside button
 2023-05-28 09:30:14,015 : INFO : Test_Customer : test_AddCust003 : 39 : click new add
 2023-05-28 09:30:14,081 : INFO : Test_Customer : test_AddCust003 : 42 : click the new Email
 2023-05-28 09:30:14,132 : INFO : Test_Customer : test_AddCust003 : 44 : Click the new Password
 2023-05-28 09:30:14,148 : INFO : Test_Customer : test_AddCust003 : 47 : click the first name
 2023-05-28 09:30:14,160 : INFO : Test_Customer : test_AddCust003 : 49 : click the last name
 2023-05-28 09:30:14,881 : INFO : Test_Customer : test_AddCust003 : 51 : Enter the Gender
 2023-05-28 09:30:14,912 : INFO : Test_Customer : test_AddCust003 : 53 : Enter the DOB
 2023-05-28 09:30:15,170 : INFO : Test_Customer : test_AddCust003 : 55 : Click the Calender
 2023-05-28 09:30:16,235 : INFO : Test_Customer : test_AddCust003 : 57 : click the save
 2023-05-28 09:42:40,581 : INFO : Test_Customer : test_AddCust003 : 20 :  test 003 is staretd
 2023-05-28 09:42:40,581 : INFO : Test_Customer : test_AddCust003 : 21 : Opening Browser
 2023-05-28 09:42:43,930 : INFO : Test_Customer : test_AddCust003 : 23 : GO to this Url-->https://admin-demo.nopcommerce.com/
 2023-05-28 09:42:44,024 : INFO : Test_Customer : test_AddCust003 : 26 : Enterting the Emailadmin@yourstore.com
 2023-05-28 09:42:44,071 : INFO : Test_Customer : test_AddCust003 : 28 : Entering the Passwordadmin
 2023-05-28 09:42:47,016 : INFO : Test_Customer : test_AddCust003 : 30 : click the login Button
 2023-05-28 09:42:49,253 : INFO : Test_Customer : test_AddCust003 : 33 : Click the Customer Buttion
 2023-05-28 09:42:52,199 : INFO : Test_Customer : test_AddCust003 : 36 : click inside button
 2023-05-28 09:42:58,843 : INFO : Test_Customer : test_AddCust003 : 39 : click new add
 2023-05-28 09:42:58,941 : INFO : Test_Customer : test_AddCust003 : 42 : click the new Email
 2023-05-28 09:42:58,985 : INFO : Test_Customer : test_AddCust003 : 44 : Click the new Password
 2023-05-28 09:42:58,999 : INFO : Test_Customer : test_AddCust003 : 47 : click the first name
 2023-05-28 09:42:59,011 : INFO : Test_Customer : test_AddCust003 : 49 : click the last name
 2023-05-28 09:42:59,722 : INFO : Test_Customer : test_AddCust003 : 51 : Enter the Gender
 2023-05-28 09:42:59,746 : INFO : Test_Customer : test_AddCust003 : 53 : Enter the DOB
 2023-05-28 09:42:59,988 : INFO : Test_Customer : test_AddCust003 : 55 : Click the Calender
 2023-05-28 09:43:00,711 : INFO : Test_Customer : test_AddCust003 : 57 : click the save
 2023-05-28 09:44:42,374 : INFO : Test_Customer : test_AddCust003 : 20 :  test 003 is staretd
 2023-05-28 09:44:42,374 : INFO : Test_Customer : test_AddCust003 : 21 : Opening Browser
 2023-05-28 09:44:45,882 : INFO : Test_Customer : test_AddCust003 : 23 : GO to this Url-->https://admin-demo.nopcommerce.com/
 2023-05-28 09:44:45,994 : INFO : Test_Customer : test_AddCust003 : 26 : Enterting the Emailadmin@yourstore.com
 2023-05-28 09:44:46,031 : INFO : Test_Customer : test_AddCust003 : 28 : Entering the Passwordadmin
 2023-05-28 09:44:50,963 : INFO : Test_Customer : test_AddCust003 : 30 : click the login Button
 2023-05-28 09:44:53,220 : INFO : Test_Customer : test_AddCust003 : 33 : Click the Customer Buttion
 2023-05-28 09:44:55,617 : INFO : Test_Customer : test_AddCust003 : 36 : click inside button
 2023-05-28 09:44:58,512 : INFO : Test_Customer : test_AddCust003 : 39 : click new add
 2023-05-28 09:44:58,605 : INFO : Test_Customer : test_AddCust003 : 42 : click the new Email
 2023-05-28 09:44:58,649 : INFO : Test_Customer : test_AddCust003 : 44 : Click the new Password
 2023-05-28 09:44:58,662 : INFO : Test_Customer : test_AddCust003 : 47 : click the first name
 2023-05-28 09:44:58,672 : INFO : Test_Customer : test_AddCust003 : 49 : click the last name
 2023-05-28 09:44:59,393 : INFO : Test_Customer : test_AddCust003 : 51 : Enter the Gender
 2023-05-28 09:44:59,420 : INFO : Test_Customer : test_AddCust003 : 53 : Enter the DOB
 2023-05-28 09:44:59,670 : INFO : Test_Customer : test_AddCust003 : 55 : Click the Calender
 2023-05-28 09:45:00,410 : INFO : Test_Customer : test_AddCust003 : 57 : click the save
 2023-05-28 09:46:08,595 : INFO : Test_Customer : test_AddCust003 : 20 :  test 003 is staretd
 2023-05-28 09:46:08,595 : INFO : Test_Customer : test_AddCust003 : 21 : Opening Browser
 2023-05-28 09:46:11,873 : INFO : Test_Customer : test_AddCust003 : 23 : GO to this Url-->https://admin-demo.nopcommerce.com/
 2023-05-28 09:46:11,965 : INFO : Test_Customer : test_AddCust003 : 26 : Enterting the Emailadmin@yourstore.com
 2023-05-28 09:46:12,017 : INFO : Test_Customer : test_AddCust003 : 28 : Entering the Passwordadmin
 2023-05-28 09:46:14,460 : INFO : Test_Customer : test_AddCust003 : 30 : click the login Button
 2023-05-28 09:46:16,701 : INFO : Test_Customer : test_AddCust003 : 33 : Click the Customer Buttion
 2023-05-28 09:46:19,229 : INFO : Test_Customer : test_AddCust003 : 36 : click inside button
 2023-05-28 09:46:24,396 : INFO : Test_Customer : test_AddCust003 : 39 : click new add
 2023-05-28 09:46:24,501 : INFO : Test_Customer : test_AddCust003 : 42 : click the new Email
 2023-05-28 09:46:24,539 : INFO : Test_Customer : test_AddCust003 : 44 : Click the new Password
 2023-05-28 09:46:24,555 : INFO : Test_Customer : test_AddCust003 : 47 : click the first name
 2023-05-28 09:46:24,567 : INFO : Test_Customer : test_AddCust003 : 49 : click the last name
 2023-05-28 09:46:25,284 : INFO : Test_Customer : test_AddCust003 : 51 : Enter the Gender
 2023-05-28 09:46:25,317 : INFO : Test_Customer : test_AddCust003 : 53 : Enter the DOB
 2023-05-28 09:46:25,573 : INFO : Test_Customer : test_AddCust003 : 55 : Click the Calender
 2023-05-28 09:46:26,260 : INFO : Test_Customer : test_AddCust003 : 57 : click the save
 2023-05-28 09:49:10,828 : INFO : Test_Customer : test_AddCust003 : 20 :  test 003 is staretd
 2023-05-28 09:49:10,828 : INFO : Test_Customer : test_AddCust003 : 21 : Opening Browser
 2023-05-28 09:49:15,267 : INFO : Test_Customer : test_AddCust003 : 23 : GO to this Url-->https://admin-demo.nopcommerce.com/
 2023-05-28 09:49:15,369 : INFO : Test_Customer : test_AddCust003 : 26 : Enterting the Emailadmin@yourstore.com
 2023-05-28 09:49:15,404 : INFO : Test_Customer : test_AddCust003 : 28 : Entering the Passwordadmin
 2023-05-28 09:49:17,161 : INFO : Test_Customer : test_AddCust003 : 30 : click the login Button
 2023-05-28 09:49:19,413 : INFO : Test_Customer : test_AddCust003 : 33 : Click the Customer Buttion
 2023-05-28 09:49:20,233 : INFO : Test_Customer : test_AddCust003 : 36 : click inside button
 2023-05-28 09:49:22,203 : INFO : Test_Customer : test_AddCust003 : 39 : click new add
 2023-05-28 09:49:22,280 : INFO : Test_Customer : test_AddCust003 : 42 : click the new Email
 2023-05-28 09:49:22,313 : INFO : Test_Customer : test_AddCust003 : 44 : Click the new Password
 2023-05-28 09:49:22,332 : INFO : Test_Customer : test_AddCust003 : 47 : click the first name
 2023-05-28 09:49:22,354 : INFO : Test_Customer : test_AddCust003 : 49 : click the last name
 2023-05-28 09:49:22,575 : INFO : Test_Customer : test_AddCust003 : 51 : Enter the Gender
 2023-05-28 09:49:22,623 : INFO : Test_Customer : test_AddCust003 : 53 : Enter the DOB
 2023-05-28 09:49:22,876 : INFO : Test_Customer : test_AddCust003 : 55 : Click the Calender
 2023-05-28 09:49:23,565 : INFO : Test_Customer : test_AddCust003 : 57 : click the save
 2023-05-28 09:51:49,236 : INFO : Test_Customer : test_AddCust003 : 14 :  test 003 is staretd
 2023-05-28 09:51:49,236 : INFO : Test_Customer : test_AddCust003 : 15 : Opening Browser
 2023-05-28 09:51:52,812 : INFO : Test_Customer : test_AddCust003 : 17 : GO to this Url-->https://admin-demo.nopcommerce.com/
 2023-05-28 09:51:52,908 : INFO : Test_Customer : test_AddCust003 : 20 : Enterting the Emailadmin@yourstore.com
 2023-05-28 09:51:52,939 : INFO : Test_Customer : test_AddCust003 : 22 : Entering the Passwordadmin
 2023-05-28 09:51:56,329 : INFO : Test_Customer : test_AddCust003 : 24 : click the login Button
 2023-05-28 09:51:58,567 : INFO : Test_Customer : test_AddCust003 : 27 : Click the Customer Buttion
 2023-05-28 09:52:00,213 : INFO : Test_Customer : test_AddCust003 : 30 : click inside button
 2023-05-28 09:52:02,105 : INFO : Test_Customer : test_AddCust003 : 33 : click new add
 2023-05-28 09:52:02,151 : INFO : Test_Customer : test_AddCust003 : 36 : click the new Email
 2023-05-28 09:52:02,199 : INFO : Test_Customer : test_AddCust003 : 38 : Click the new Password
 2023-05-28 09:52:02,222 : INFO : Test_Customer : test_AddCust003 : 41 : click the first name
 2023-05-28 09:52:02,247 : INFO : Test_Customer : test_AddCust003 : 43 : click the last name
 2023-05-28 09:52:02,475 : INFO : Test_Customer : test_AddCust003 : 45 : Enter the Gender
 2023-05-28 09:52:02,503 : INFO : Test_Customer : test_AddCust003 : 47 : Enter the DOB
 2023-05-28 09:52:02,743 : INFO : Test_Customer : test_AddCust003 : 49 : Click the Calender
 2023-05-28 09:52:03,725 : INFO : Test_Customer : test_AddCust003 : 51 : click the save
 2023-05-28 09:53:27,835 : INFO : Test_Customer : test_AddCust003 : 14 :  test 003 is staretd
 2023-05-28 09:53:27,835 : INFO : Test_Customer : test_AddCust003 : 15 : Opening Browser
 2023-05-28 09:53:31,286 : INFO : Test_Customer : test_AddCust003 : 17 : GO to this Url-->https://admin-demo.nopcommerce.com/
 2023-05-28 09:53:31,382 : INFO : Test_Customer : test_AddCust003 : 20 : Enterting the Emailadmin@yourstore.com
 2023-05-28 09:53:31,430 : INFO : Test_Customer : test_AddCust003 : 22 : Entering the Passwordadmin
 2023-05-28 09:53:33,218 : INFO : Test_Customer : test_AddCust003 : 24 : click the login Button
 2023-05-28 09:53:35,480 : INFO : Test_Customer : test_AddCust003 : 27 : Click the Customer Buttion
 2023-05-28 09:53:36,297 : INFO : Test_Customer : test_AddCust003 : 30 : click inside button
 2023-05-28 09:53:37,294 : INFO : Test_Customer : test_AddCust003 : 33 : click new add
 2023-05-28 09:53:37,422 : INFO : Test_Customer : test_AddCust003 : 36 : click the new Email
 2023-05-28 09:53:37,581 : INFO : Test_Customer : test_AddCust003 : 38 : Click the new Password
 2023-05-28 09:53:37,625 : INFO : Test_Customer : test_AddCust003 : 41 : click the first name
 2023-05-28 09:53:37,677 : INFO : Test_Customer : test_AddCust003 : 43 : click the last name
 2023-05-28 09:53:38,401 : INFO : Test_Customer : test_AddCust003 : 45 : Enter the Gender
 2023-05-28 09:53:38,436 : INFO : Test_Customer : test_AddCust003 : 47 : Enter the DOB
 2023-05-28 09:53:38,713 : INFO : Test_Customer : test_AddCust003 : 49 : Click the Calender
 2023-05-28 09:53:39,536 : INFO : Test_Customer : test_AddCust003 : 51 : click the save
 2023-05-28 09:55:05,691 : INFO : Test_Customer : test_AddCust003 : 16 :  test 003 is staretd
 2023-05-28 09:55:05,691 : INFO : Test_Customer : test_AddCust003 : 17 : Opening Browser
 2023-05-28 09:55:10,256 : INFO : Test_Customer : test_AddCust003 : 19 : GO to this Url-->https://admin-demo.nopcommerce.com/
 2023-05-28 09:55:10,387 : INFO : Test_Customer : test_AddCust003 : 22 : Enterting the Emailadmin@yourstore.com
 2023-05-28 09:55:10,465 : INFO : Test_Customer : test_AddCust003 : 24 : Entering the Passwordadmin
 2023-05-28 09:55:14,140 : INFO : Test_Customer : test_AddCust003 : 26 : click the login Button
 2023-05-28 09:55:16,378 : INFO : Test_Customer : test_AddCust003 : 29 : Click the Customer Buttion
 2023-05-28 09:55:17,280 : INFO : Test_Customer : test_AddCust003 : 32 : click inside button
 2023-05-28 09:55:18,388 : INFO : Test_Customer : test_AddCust003 : 35 : click new add
 2023-05-28 09:55:18,476 : INFO : Test_Customer : test_AddCust003 : 38 : click the new Email
 2023-05-28 09:55:18,554 : INFO : Test_Customer : test_AddCust003 : 40 : Click the new Password
 2023-05-28 09:55:18,577 : INFO : Test_Customer : test_AddCust003 : 43 : click the first name
 2023-05-28 09:55:18,597 : INFO : Test_Customer : test_AddCust003 : 45 : click the last name
 2023-05-28 09:55:19,313 : INFO : Test_Customer : test_AddCust003 : 47 : Enter the Gender
 2023-05-28 09:55:19,345 : INFO : Test_Customer : test_AddCust003 : 49 : Enter the DOB
 2023-05-28 09:55:19,640 : INFO : Test_Customer : test_AddCust003 : 51 : Click the Calender
 2023-05-28 09:55:20,401 : INFO : Test_Customer : test_AddCust003 : 53 : click the save
 2023-05-28 09:56:17,684 : INFO : Test_Customer : test_AddCust003 : 16 :  test 003 is staretd
 2023-05-28 09:56:17,695 : INFO : Test_Customer : test_AddCust003 : 17 : Opening Browser
 2023-05-28 09:56:20,538 : INFO : Test_Customer : test_AddCust003 : 19 : GO to this Url-->https://admin-demo.nopcommerce.com/
 2023-05-28 09:56:20,677 : INFO : Test_Customer : test_AddCust003 : 22 : Enterting the Emailadmin@yourstore.com
 2023-05-28 09:56:20,725 : INFO : Test_Customer : test_AddCust003 : 24 : Entering the Passwordadmin
 2023-05-28 09:56:22,583 : INFO : Test_Customer : test_AddCust003 : 26 : click the login Button
 2023-05-28 09:56:24,828 : INFO : Test_Customer : test_AddCust003 : 29 : Click the Customer Buttion
 2023-05-28 09:56:25,812 : INFO : Test_Customer : test_AddCust003 : 32 : click inside button
 2023-05-28 09:56:26,858 : INFO : Test_Customer : test_AddCust003 : 35 : click new add
 2023-05-28 09:56:26,953 : INFO : Test_Customer : test_AddCust003 : 38 : click the new Email
 2023-05-28 09:56:27,036 : INFO : Test_Customer : test_AddCust003 : 40 : Click the new Password
 2023-05-28 09:56:27,051 : INFO : Test_Customer : test_AddCust003 : 43 : click the first name
 2023-05-28 09:56:27,061 : INFO : Test_Customer : test_AddCust003 : 45 : click the last name
 2023-05-28 09:56:27,780 : INFO : Test_Customer : test_AddCust003 : 47 : Enter the Gender
 2023-05-28 09:56:27,813 : INFO : Test_Customer : test_AddCust003 : 49 : Enter the DOB
 2023-05-28 09:56:28,167 : INFO : Test_Customer : test_AddCust003 : 51 : Click the Calender
 2023-05-28 09:56:29,150 : INFO : Test_Customer : test_AddCust003 : 53 : click the save
 2023-05-28 09:57:38,852 : INFO : Test_Customer : test_AddCust003 : 16 :  test 003 is staretd
 2023-05-28 09:57:38,853 : INFO : Test_Customer : test_AddCust003 : 17 : Opening Browser
 2023-05-28 09:57:42,469 : INFO : Test_Customer : test_AddCust003 : 19 : GO to this Url-->https://admin-demo.nopcommerce.com/
 2023-05-28 09:57:42,582 : INFO : Test_Customer : test_AddCust003 : 22 : Enterting the Emailadmin@yourstore.com
 2023-05-28 09:57:42,614 : INFO : Test_Customer : test_AddCust003 : 24 : Entering the Passwordadmin
 2023-05-28 09:57:44,585 : INFO : Test_Customer : test_AddCust003 : 26 : click the login Button
 2023-05-28 09:57:46,817 : INFO : Test_Customer : test_AddCust003 : 29 : Click the Customer Buttion
 2023-05-28 09:57:47,641 : INFO : Test_Customer : test_AddCust003 : 32 : click inside button
 2023-05-28 09:57:48,660 : INFO : Test_Customer : test_AddCust003 : 35 : click new add
 2023-05-28 09:57:48,852 : INFO : Test_Customer : test_AddCust003 : 38 : click the new Email
 2023-05-28 09:57:48,928 : INFO : Test_Customer : test_AddCust003 : 40 : Click the new Password
 2023-05-28 09:57:48,952 : INFO : Test_Customer : test_AddCust003 : 43 : click the first name
 2023-05-28 09:57:48,968 : INFO : Test_Customer : test_AddCust003 : 45 : click the last name
 2023-05-28 09:57:49,684 : INFO : Test_Customer : test_AddCust003 : 47 : Enter the Gender
 2023-05-28 09:57:49,730 : INFO : Test_Customer : test_AddCust003 : 49 : Enter the DOB
 2023-05-28 09:57:50,018 : INFO : Test_Customer : test_AddCust003 : 51 : Click the Calender
 2023-05-28 09:57:52,804 : INFO : Test_Customer : test_AddCust003 : 53 : click the save
 2023-05-28 09:59:23,007 : INFO : Test_Customer : test_AddCust003 : 16 :  test 003 is staretd
 2023-05-28 09:59:23,008 : INFO : Test_Customer : test_AddCust003 : 17 : Opening Browser
 2023-05-28 09:59:26,507 : INFO : Test_Customer : test_AddCust003 : 19 : GO to this Url-->https://admin-demo.nopcommerce.com/
 2023-05-28 09:59:26,598 : INFO : Test_Customer : test_AddCust003 : 22 : Enterting the Emailadmin@yourstore.com
 2023-05-28 09:59:26,647 : INFO : Test_Customer : test_AddCust003 : 24 : Entering the Passwordadmin
 2023-05-28 09:59:30,058 : INFO : Test_Customer : test_AddCust003 : 26 : click the login Button
 2023-05-28 09:59:32,297 : INFO : Test_Customer : test_AddCust003 : 29 : Click the Customer Buttion
 2023-05-28 09:59:33,363 : INFO : Test_Customer : test_AddCust003 : 32 : click inside button
 2023-05-28 09:59:34,316 : INFO : Test_Customer : test_AddCust003 : 35 : click new add
 2023-05-28 09:59:34,463 : INFO : Test_Customer : test_AddCust003 : 38 : click the new Email
 2023-05-28 09:59:34,512 : INFO : Test_Customer : test_AddCust003 : 40 : Click the new Password
 2023-05-28 09:59:34,528 : INFO : Test_Customer : test_AddCust003 : 43 : click the first name
 2023-05-28 09:59:34,548 : INFO : Test_Customer : test_AddCust003 : 45 : click the last name
 2023-05-28 09:59:35,269 : INFO : Test_Customer : test_AddCust003 : 47 : Enter the Gender
 2023-05-28 09:59:35,303 : INFO : Test_Customer : test_AddCust003 : 49 : Enter the DOB
 2023-05-28 09:59:35,569 : INFO : Test_Customer : test_AddCust003 : 51 : Click the Calender
 2023-05-28 09:59:40,420 : INFO : Test_Customer : test_AddCust003 : 54 : click the save
 2023-05-28 10:00:31,080 : INFO : Test_Customer : test_AddCust003 : 16 :  test 003 is staretd
 2023-05-28 10:00:31,081 : INFO : Test_Customer : test_AddCust003 : 17 : Opening Browser
 2023-05-28 10:00:35,831 : INFO : Test_Customer : test_AddCust003 : 19 : GO to this Url-->https://admin-demo.nopcommerce.com/
 2023-05-28 10:00:36,020 : INFO : Test_Customer : test_AddCust003 : 22 : Enterting the Emailadmin@yourstore.com
 2023-05-28 10:00:36,083 : INFO : Test_Customer : test_AddCust003 : 24 : Entering the Passwordadmin
 2023-05-28 10:00:39,514 : INFO : Test_Customer : test_AddCust003 : 26 : click the login Button
 2023-05-28 10:00:41,757 : INFO : Test_Customer : test_AddCust003 : 29 : Click the Customer Buttion
 2023-05-28 10:00:42,635 : INFO : Test_Customer : test_AddCust003 : 32 : click inside button
 2023-05-28 10:00:43,587 : INFO : Test_Customer : test_AddCust003 : 35 : click new add
 2023-05-28 10:00:43,683 : INFO : Test_Customer : test_AddCust003 : 38 : click the new Email
 2023-05-28 10:00:43,727 : INFO : Test_Customer : test_AddCust003 : 40 : Click the new Password
 2023-05-28 10:00:43,738 : INFO : Test_Customer : test_AddCust003 : 43 : click the first name
 2023-05-28 10:00:43,743 : INFO : Test_Customer : test_AddCust003 : 45 : click the last name
 2023-05-28 10:00:44,475 : INFO : Test_Customer : test_AddCust003 : 47 : Enter the Gender
 2023-05-28 10:00:44,509 : INFO : Test_Customer : test_AddCust003 : 49 : Enter the DOB
 2023-05-28 10:00:44,775 : INFO : Test_Customer : test_AddCust003 : 51 : Click the Calender
 2023-05-28 10:00:47,891 : INFO : Test_Customer : test_AddCust003 : 54 : click the save
 2023-05-28 10:03:46,642 : INFO : Test_Customer : test_AddCust003 : 16 :  test 003 is staretd
 2023-05-28 10:03:46,643 : INFO : Test_Customer : test_AddCust003 : 17 : Opening Browser
 2023-05-28 10:03:50,234 : INFO : Test_Customer : test_AddCust003 : 19 : GO to this Url-->https://admin-demo.nopcommerce.com/
 2023-05-28 10:03:50,331 : INFO : Test_Customer : test_AddCust003 : 22 : Enterting the Emailadmin@yourstore.com
 2023-05-28 10:03:50,367 : INFO : Test_Customer : test_AddCust003 : 24 : Entering the Passwordadmin
 2023-05-28 10:03:52,147 : INFO : Test_Customer : test_AddCust003 : 26 : click the login Button
 2023-05-28 10:03:54,388 : INFO : Test_Customer : test_AddCust003 : 29 : Click the Customer Buttion
 2023-05-28 10:03:55,249 : INFO : Test_Customer : test_AddCust003 : 32 : click inside button
 2023-05-28 10:03:56,240 : INFO : Test_Customer : test_AddCust003 : 35 : click new add
 2023-05-28 10:03:56,330 : INFO : Test_Customer : test_AddCust003 : 38 : click the new Email
 2023-05-28 10:03:56,388 : INFO : Test_Customer : test_AddCust003 : 40 : Click the new Password
 2023-05-28 10:03:56,397 : INFO : Test_Customer : test_AddCust003 : 43 : click the first name
 2023-05-28 10:03:56,414 : INFO : Test_Customer : test_AddCust003 : 45 : click the last name
 2023-05-28 10:03:57,133 : INFO : Test_Customer : test_AddCust003 : 47 : Enter the Gender
 2023-05-28 10:03:57,192 : INFO : Test_Customer : test_AddCust003 : 49 : Enter the DOB
 2023-05-28 10:03:57,446 : INFO : Test_Customer : test_AddCust003 : 51 : Click the Calender
 2023-05-28 10:04:00,527 : INFO : Test_Customer : test_AddCust003 : 54 : click the save
 2023-05-28 10:06:36,249 : INFO : Test_Customer : test_AddCust003 : 16 :  test 003 is staretd
 2023-05-28 10:06:36,252 : INFO : Test_Customer : test_AddCust003 : 17 : Opening Browser
 2023-05-28 10:06:40,008 : INFO : Test_Customer : test_AddCust003 : 19 : GO to this Url-->https://admin-demo.nopcommerce.com/
 2023-05-28 10:06:40,149 : INFO : Test_Customer : test_AddCust003 : 22 : Enterting the Emailadmin@yourstore.com
 2023-05-28 10:06:40,196 : INFO : Test_Customer : test_AddCust003 : 24 : Entering the Passwordadmin
 2023-05-28 10:06:42,075 : INFO : Test_Customer : test_AddCust003 : 26 : click the login Button
 2023-05-28 10:06:44,321 : INFO : Test_Customer : test_AddCust003 : 29 : Click the Customer Buttion
 2023-05-28 10:06:45,224 : INFO : Test_Customer : test_AddCust003 : 32 : click inside button
 2023-05-28 10:06:46,325 : INFO : Test_Customer : test_AddCust003 : 35 : click new add
 2023-05-28 10:06:46,444 : INFO : Test_Customer : test_AddCust003 : 38 : click the new Email
 2023-05-28 10:06:48,508 : INFO : Test_Customer : test_AddCust003 : 40 : Click the new Password
 2023-05-28 10:06:48,537 : INFO : Test_Customer : test_AddCust003 : 43 : click the first name
 2023-05-28 10:06:48,585 : INFO : Test_Customer : test_AddCust003 : 45 : click the last name
 2023-05-28 10:06:48,825 : INFO : Test_Customer : test_AddCust003 : 47 : Enter the Gender
 2023-05-28 10:06:48,853 : INFO : Test_Customer : test_AddCust003 : 49 : Enter the DOB
 2023-05-28 10:06:49,119 : INFO : Test_Customer : test_AddCust003 : 51 : Click the Calender
 2023-05-28 10:06:51,945 : INFO : Test_Customer : test_AddCust003 : 54 : click the save
 2023-05-28 10:07:47,716 : INFO : Test_Customer : test_AddCust003 : 16 :  test 003 is staretd
 2023-05-28 10:07:47,716 : INFO : Test_Customer : test_AddCust003 : 17 : Opening Browser
 2023-05-28 10:07:51,363 : INFO : Test_Customer : test_AddCust003 : 19 : GO to this Url-->https://admin-demo.nopcommerce.com/
 2023-05-28 10:07:51,468 : INFO : Test_Customer : test_AddCust003 : 22 : Enterting the Emailadmin@yourstore.com
 2023-05-28 10:07:51,505 : INFO : Test_Customer : test_AddCust003 : 24 : Entering the Passwordadmin
 2023-05-28 10:07:53,251 : INFO : Test_Customer : test_AddCust003 : 26 : click the login Button
 2023-05-28 10:07:55,484 : INFO : Test_Customer : test_AddCust003 : 29 : Click the Customer Buttion
 2023-05-28 10:07:56,321 : INFO : Test_Customer : test_AddCust003 : 32 : click inside button
 2023-05-28 10:07:57,195 : INFO : Test_Customer : test_AddCust003 : 35 : click new add
 2023-05-28 10:07:57,308 : INFO : Test_Customer : test_AddCust003 : 38 : click the new Email
 2023-05-28 10:07:59,330 : INFO : Test_Customer : test_AddCust003 : 40 : Click the new Password
 2023-05-28 10:07:59,359 : INFO : Test_Customer : test_AddCust003 : 43 : click the first name
 2023-05-28 10:07:59,399 : INFO : Test_Customer : test_AddCust003 : 45 : click the last name
 2023-05-28 10:07:59,629 : INFO : Test_Customer : test_AddCust003 : 47 : Enter the Gender
 2023-05-28 10:07:59,659 : INFO : Test_Customer : test_AddCust003 : 49 : Enter the DOB
 2023-05-28 10:07:59,911 : INFO : Test_Customer : test_AddCust003 : 51 : Click the Calender
 2023-05-28 10:08:02,673 : INFO : Test_Customer : test_AddCust003 : 54 : click the save
 2023-05-28 10:09:36,602 : INFO : Test_Customer : test_AddCust003 : 16 :  test 003 is staretd
 2023-05-28 10:09:36,602 : INFO : Test_Customer : test_AddCust003 : 17 : Opening Browser
 2023-05-28 10:09:40,451 : INFO : Test_Customer : test_AddCust003 : 19 : GO to this Url-->https://admin-demo.nopcommerce.com/
 2023-05-28 10:09:40,579 : INFO : Test_Customer : test_AddCust003 : 22 : Enterting the Emailadmin@yourstore.com
 2023-05-28 10:09:40,624 : INFO : Test_Customer : test_AddCust003 : 24 : Entering the Passwordadmin
 2023-05-28 10:09:42,470 : INFO : Test_Customer : test_AddCust003 : 26 : click the login Button
 2023-05-28 10:09:44,715 : INFO : Test_Customer : test_AddCust003 : 29 : Click the Customer Buttion
 2023-05-28 10:09:45,683 : INFO : Test_Customer : test_AddCust003 : 32 : click inside button
 2023-05-28 10:09:47,050 : INFO : Test_Customer : test_AddCust003 : 35 : click new add
 2023-05-28 10:09:47,147 : INFO : Test_Customer : test_AddCust003 : 38 : click the new Email
 2023-05-28 10:09:49,170 : INFO : Test_Customer : test_AddCust003 : 40 : Click the new Password
 2023-05-28 10:09:49,205 : INFO : Test_Customer : test_AddCust003 : 43 : click the first name
 2023-05-28 10:09:49,253 : INFO : Test_Customer : test_AddCust003 : 45 : click the last name
 2023-05-28 10:09:49,493 : INFO : Test_Customer : test_AddCust003 : 47 : Enter the Gender
 2023-05-28 10:09:49,518 : INFO : Test_Customer : test_AddCust003 : 49 : Enter the DOB
 2023-05-28 10:09:49,780 : INFO : Test_Customer : test_AddCust003 : 51 : Click the Calender
 2023-05-28 10:09:52,612 : INFO : Test_Customer : test_AddCust003 : 54 : click the save
 2023-05-28 11:26:10,793 : INFO : Test_Customer : test_AddCust003 : 16 :  test 003 is staretd
 2023-05-28 11:26:10,793 : INFO : Test_Customer : test_AddCust003 : 17 : Opening Browser
 2023-05-28 11:26:16,472 : INFO : Test_Customer : test_AddCust003 : 19 : GO to this Url-->https://admin-demo.nopcommerce.com/
 2023-05-28 11:26:16,611 : INFO : Test_Customer : test_AddCust003 : 22 : Enterting the Emailadmin@yourstore.com
 2023-05-28 11:26:16,665 : INFO : Test_Customer : test_AddCust003 : 24 : Entering the Passwordadmin
 2023-05-28 11:26:19,347 : INFO : Test_Customer : test_AddCust003 : 26 : click the login Button
 2023-05-28 11:26:21,391 : INFO : Test_Customer : test_AddCust003 : 29 : Click the Customer Buttion
 2023-05-28 11:35:06,880 : INFO : Test_Customer : test_AddCust003 : 16 :  test 003 is staretd
 2023-05-28 11:35:06,880 : INFO : Test_Customer : test_AddCust003 : 17 : Opening Browser
 2023-05-28 11:35:10,458 : INFO : Test_Customer : test_AddCust003 : 19 : GO to this Url-->https://admin-demo.nopcommerce.com/
 2023-05-28 11:35:10,608 : INFO : Test_Customer : test_AddCust003 : 22 : Enterting the Emailadmin@yourstore.com
 2023-05-28 11:35:10,712 : INFO : Test_Customer : test_AddCust003 : 24 : Entering the Passwordadmin
 2023-05-28 11:35:14,014 : INFO : Test_Customer : test_AddCust003 : 26 : click the login Button
 2023-05-28 11:35:16,081 : INFO : Test_Customer : test_AddCust003 : 29 : Click the Customer Buttion
 2023-05-28 11:35:17,912 : INFO : Test_Customer : test_AddCust003 : 32 : click inside button
 2023-05-28 11:35:19,301 : INFO : Test_Customer : test_AddCust003 : 35 : click new add
 2023-05-28 11:35:19,414 : INFO : Test_Customer : test_AddCust003 : 38 : click the new Email
 2023-05-28 11:35:21,506 : INFO : Test_Customer : test_AddCust003 : 40 : Click the new Password
 2023-05-28 11:35:21,593 : INFO : Test_Customer : test_AddCust003 : 43 : click the first name
 2023-05-28 11:35:21,663 : INFO : Test_Customer : test_AddCust003 : 45 : click the last name
 2023-05-28 11:35:21,715 : INFO : Test_Customer : test_AddCust003 : 47 : Enter the Gender
 2023-05-28 11:35:21,798 : INFO : Test_Customer : test_AddCust003 : 49 : Enter the DOB
 2023-05-28 11:35:21,889 : INFO : Test_Customer : test_AddCust003 : 51 : Click the Calender
 2023-05-28 11:35:25,683 : INFO : Test_Customer : test_AddCust003 : 54 : click the save
 2023-05-28 15:17:43,383 : INFO : Test_Login_Params : test_params04 : 27 : test login params 004 is started
 2023-05-28 15:17:43,383 : INFO : Test_Login_Params : test_params04 : 28 : opening browser
 2023-05-28 15:17:47,525 : INFO : Test_Login_Params : test_params04 : 30 : GO to this URL-->https://admin-demo.nopcommerce.com/
 2023-05-28 15:17:47,614 : INFO : Test_Login_Params : test_params04 : 33 : Entering Email-->admin@yourstore.com
 2023-05-28 15:17:47,614 : INFO : Test_Login_Params : test_params04 : 34 : Entering Email-->admin@yourstore.com
 2023-05-28 15:17:47,664 : INFO : Test_Login_Params : test_params04 : 36 : Entering password --->admin
 2023-05-28 15:17:47,664 : INFO : Test_Login_Params : test_params04 : 37 : Entering password -->admin
 2023-05-28 15:17:49,748 : INFO : Test_Login_Params : test_params04 : 39 : click on login button
 2023-05-28 15:17:53,382 : INFO : Test_Login_Params : test_params04 : 45 : click on logout button
 2023-05-28 15:17:53,382 : INFO : Test_Login_Params : test_params04 : 46 : test param is passed
 2023-05-28 15:17:59,171 : INFO : Test_Login_Params : test_params04 : 27 : test login params 004 is started
 2023-05-28 15:17:59,171 : INFO : Test_Login_Params : test_params04 : 28 : opening browser
 2023-05-28 15:18:02,918 : INFO : Test_Login_Params : test_params04 : 30 : GO to this URL-->https://admin-demo.nopcommerce.com/
 2023-05-28 15:18:03,017 : INFO : Test_Login_Params : test_params04 : 33 : Entering Email-->admin@yourstore.com1
 2023-05-28 15:18:03,017 : INFO : Test_Login_Params : test_params04 : 34 : Entering Email-->admin@yourstore.com
 2023-05-28 15:18:03,052 : INFO : Test_Login_Params : test_params04 : 36 : Entering password --->admin
 2023-05-28 15:18:03,052 : INFO : Test_Login_Params : test_params04 : 37 : Entering password -->admin
 2023-05-28 15:18:03,603 : INFO : Test_Login_Params : test_params04 : 39 : click on login button
 2023-05-28 15:18:03,608 : INFO : Test_Login_Params : test_params04 : 53 : test login is failed
 2023-05-28 15:18:09,642 : INFO : Test_Login_Params : test_params04 : 27 : test login params 004 is started
 2023-05-28 15:18:09,642 : INFO : Test_Login_Params : test_params04 : 28 : opening browser
 2023-05-28 15:18:13,072 : INFO : Test_Login_Params : test_params04 : 30 : GO to this URL-->https://admin-demo.nopcommerce.com/
 2023-05-28 15:18:13,181 : INFO : Test_Login_Params : test_params04 : 33 : Entering Email-->admin@yourstore.com
 2023-05-28 15:18:13,182 : INFO : Test_Login_Params : test_params04 : 34 : Entering Email-->admin@yourstore.com
 2023-05-28 15:18:13,223 : INFO : Test_Login_Params : test_params04 : 36 : Entering password --->admin1
 2023-05-28 15:18:13,223 : INFO : Test_Login_Params : test_params04 : 37 : Entering password -->admin
 2023-05-28 15:18:13,740 : INFO : Test_Login_Params : test_params04 : 39 : click on login button
 2023-05-28 15:18:13,746 : INFO : Test_Login_Params : test_params04 : 53 : test login is failed
 2023-05-28 15:18:19,721 : INFO : Test_Login_Params : test_params04 : 27 : test login params 004 is started
 2023-05-28 15:18:19,721 : INFO : Test_Login_Params : test_params04 : 28 : opening browser
 2023-05-28 15:18:21,636 : INFO : Test_Login_Params : test_params04 : 30 : GO to this URL-->https://admin-demo.nopcommerce.com/
 2023-05-28 15:18:21,731 : INFO : Test_Login_Params : test_params04 : 33 : Entering Email-->admin@yourstore.com2
 2023-05-28 15:18:21,731 : INFO : Test_Login_Params : test_params04 : 34 : Entering Email-->admin@yourstore.com
 2023-05-28 15:18:21,800 : INFO : Test_Login_Params : test_params04 : 36 : Entering password --->admin1231
 2023-05-28 15:18:21,801 : INFO : Test_Login_Params : test_params04 : 37 : Entering password -->admin
 2023-05-28 15:18:22,297 : INFO : Test_Login_Params : test_params04 : 39 : click on login button
 2023-05-28 15:18:22,301 : INFO : Test_Login_Params : test_params04 : 53 : test login is failed
 2023-05-29 13:13:23,819 : INFO : Test_Customer_DDT : test_AddCust_ddt : 22 :  test 003 is staretd
 2023-05-29 13:13:23,820 : INFO : Test_Customer_DDT : test_AddCust_ddt : 23 : Opening Browser
 2023-05-29 13:13:28,632 : INFO : Test_Customer_DDT : test_AddCust_ddt : 25 : GO to this Url-->https://admin-demo.nopcommerce.com/
 2023-05-29 13:13:28,724 : INFO : Test_Customer_DDT : test_AddCust_ddt : 28 : Enterting the Emailadmin@yourstore.com
 2023-05-29 13:13:28,752 : INFO : Test_Customer_DDT : test_AddCust_ddt : 30 : Entering the Passwordadmin
 2023-05-29 13:13:31,526 : INFO : Test_Customer_DDT : test_AddCust_ddt : 32 : click the login Button
 2023-05-29 13:14:39,496 : INFO : Test_Customer_DDT : test_AddCust_ddt : 23 :  test 003 is staretd
 2023-05-29 13:14:39,497 : INFO : Test_Customer_DDT : test_AddCust_ddt : 24 : Opening Browser
 2023-05-29 13:14:43,443 : INFO : Test_Customer_DDT : test_AddCust_ddt : 26 : GO to this Url-->https://admin-demo.nopcommerce.com/
 2023-05-29 13:14:43,537 : INFO : Test_Customer_DDT : test_AddCust_ddt : 29 : Enterting the Emailadmin@yourstore.com
 2023-05-29 13:14:43,576 : INFO : Test_Customer_DDT : test_AddCust_ddt : 31 : Entering the Passwordadmin
 2023-05-29 13:14:46,693 : INFO : Test_Customer_DDT : test_AddCust_ddt : 33 : click the login Button
 2023-05-29 13:16:35,781 : INFO : Test_Customer_DDT : test_AddCust_ddt : 23 :  test 003 is staretd
 2023-05-29 13:16:35,782 : INFO : Test_Customer_DDT : test_AddCust_ddt : 24 : Opening Browser
 2023-05-29 13:16:40,488 : INFO : Test_Customer_DDT : test_AddCust_ddt : 26 : GO to this Url-->https://admin-demo.nopcommerce.com/
 2023-05-29 13:16:40,566 : INFO : Test_Customer_DDT : test_AddCust_ddt : 29 : Enterting the Emailadmin@yourstore.com
 2023-05-29 13:16:40,600 : INFO : Test_Customer_DDT : test_AddCust_ddt : 31 : Entering the Passwordadmin
 2023-05-29 13:16:46,468 : INFO : Test_Customer_DDT : test_AddCust_ddt : 33 : click the login Button
 2023-05-29 13:20:19,697 : INFO : Test_Customer_DDT : test_AddCust_ddt : 23 :  test 003 is staretd
 2023-05-29 13:20:19,697 : INFO : Test_Customer_DDT : test_AddCust_ddt : 24 : Opening Browser
 2023-05-29 13:20:24,731 : INFO : Test_Customer_DDT : test_AddCust_ddt : 26 : GO to this Url-->https://admin-demo.nopcommerce.com/
 2023-05-29 13:20:24,829 : INFO : Test_Customer_DDT : test_AddCust_ddt : 29 : Enterting the Emailadmin@yourstore.com
 2023-05-29 13:20:24,870 : INFO : Test_Customer_DDT : test_AddCust_ddt : 31 : Entering the Passwordadmin
 2023-05-29 13:20:26,987 : INFO : Test_Customer_DDT : test_AddCust_ddt : 33 : click the login Button
 2023-05-29 13:21:34,717 : INFO : Test_Customer_DDT : test_AddCust_ddt : 23 :  test 003 is staretd
 2023-05-29 13:21:34,717 : INFO : Test_Customer_DDT : test_AddCust_ddt : 24 : Opening Browser
 2023-05-29 13:21:38,557 : INFO : Test_Customer_DDT : test_AddCust_ddt : 26 : GO to this Url-->https://admin-demo.nopcommerce.com/
 2023-05-29 13:21:38,699 : INFO : Test_Customer_DDT : test_AddCust_ddt : 29 : Enterting the Emailadmin@yourstore.com
 2023-05-29 13:21:38,731 : INFO : Test_Customer_DDT : test_AddCust_ddt : 31 : Entering the Passwordadmin
 2023-05-29 13:21:41,292 : INFO : Test_Customer_DDT : test_AddCust_ddt : 33 : click the login Button
 2023-05-29 13:23:28,910 : INFO : Test_Customer_DDT : test_AddCust_ddt003 : 23 :  test 003 is staretd
 2023-05-29 13:23:28,911 : INFO : Test_Customer_DDT : test_AddCust_ddt003 : 24 : Opening Browser
 2023-05-29 13:23:33,877 : INFO : Test_Customer_DDT : test_AddCust_ddt003 : 26 : GO to this Url-->https://admin-demo.nopcommerce.com/
 2023-05-29 13:23:34,016 : INFO : Test_Customer_DDT : test_AddCust_ddt003 : 29 : Enterting the Emailadmin@yourstore.com
 2023-05-29 13:23:34,069 : INFO : Test_Customer_DDT : test_AddCust_ddt003 : 31 : Entering the Passwordadmin
 2023-05-29 13:23:39,908 : INFO : Test_Customer_DDT : test_AddCust_ddt003 : 33 : click the login Button
 2023-05-29 13:28:32,784 : INFO : Test_Customer_DDT : test_AddCust_ddt003 : 23 :  test 003 is staretd
 2023-05-29 13:28:32,785 : INFO : Test_Customer_DDT : test_AddCust_ddt003 : 24 : Opening Browser
 2023-05-29 13:28:37,463 : INFO : Test_Customer_DDT : test_AddCust_ddt003 : 26 : GO to this Url-->https://admin-demo.nopcommerce.com/
 2023-05-29 13:28:37,587 : INFO : Test_Customer_DDT : test_AddCust_ddt003 : 29 : Enterting the Emailadmin@yourstore.com
 2023-05-29 13:28:37,628 : INFO : Test_Customer_DDT : test_AddCust_ddt003 : 31 : Entering the Passwordadmin
 2023-05-29 13:28:39,597 : INFO : Test_Customer_DDT : test_AddCust_ddt003 : 33 : click the login Button
 2023-05-29 13:31:45,836 : INFO : Test_Customer_DDT : test_AddCust_ddt003 : 23 :  test 003 is staretd
 2023-05-29 13:31:45,837 : INFO : Test_Customer_DDT : test_AddCust_ddt003 : 24 : Opening Browser
 2023-05-29 13:31:50,714 : INFO : Test_Customer_DDT : test_AddCust_ddt003 : 26 : GO to this Url-->https://admin-demo.nopcommerce.com/
 2023-05-29 13:31:50,909 : INFO : Test_Customer_DDT : test_AddCust_ddt003 : 29 : Enterting the Emailadmin@yourstore.com
 2023-05-29 13:31:50,948 : INFO : Test_Customer_DDT : test_AddCust_ddt003 : 31 : Entering the Passwordadmin
 2023-05-29 13:31:53,509 : INFO : Test_Customer_DDT : test_AddCust_ddt003 : 33 : click the login Button
 2023-05-29 13:32:24,943 : INFO : Test_Customer_DDT : test_AddCust_ddt003 : 23 :  test 003 is staretd
 2023-05-29 13:32:24,945 : INFO : Test_Customer_DDT : test_AddCust_ddt003 : 24 : Opening Browser
 2023-05-29 13:32:28,737 : INFO : Test_Customer_DDT : test_AddCust_ddt003 : 26 : GO to this Url-->https://admin-demo.nopcommerce.com/
 2023-05-29 13:32:28,893 : INFO : Test_Customer_DDT : test_AddCust_ddt003 : 29 : Enterting the Emailadmin@yourstore.com
 2023-05-29 13:32:28,942 : INFO : Test_Customer_DDT : test_AddCust_ddt003 : 31 : Entering the Passwordadmin
 2023-05-29 13:32:32,624 : INFO : Test_Customer_DDT : test_AddCust_ddt003 : 33 : click the login Button
 2023-05-29 13:33:36,469 : INFO : Test_Customer_DDT : test_AddCust_ddt003 : 23 :  test 003 is staretd
 2023-05-29 13:33:36,516 : INFO : Test_Customer_DDT : test_AddCust_ddt003 : 24 : Opening Browser
 2023-05-29 13:33:42,362 : INFO : Test_Customer_DDT : test_AddCust_ddt003 : 26 : GO to this Url-->https://admin-demo.nopcommerce.com/
 2023-05-29 13:33:42,481 : INFO : Test_Customer_DDT : test_AddCust_ddt003 : 29 : Enterting the Emailadmin@yourstore.com
 2023-05-29 13:33:42,558 : INFO : Test_Customer_DDT : test_AddCust_ddt003 : 31 : Entering the Passwordadmin
 2023-05-29 13:33:44,584 : INFO : Test_Customer_DDT : test_AddCust_ddt003 : 33 : click the login Button
 2023-05-29 14:46:29,866 : INFO : Test_Customer_DDT : test_AddCust_ddt003 : 23 :  test 003 is staretd
 2023-05-29 14:46:29,867 : INFO : Test_Customer_DDT : test_AddCust_ddt003 : 24 : Opening Browser
 2023-05-29 14:46:34,495 : INFO : Test_Customer_DDT : test_AddCust_ddt003 : 26 : GO to this Url-->https://admin-demo.nopcommerce.com/
 2023-05-29 14:46:34,616 : INFO : Test_Customer_DDT : test_AddCust_ddt003 : 29 : Enterting the Emailadmin@yourstore.com
 2023-05-29 14:46:34,682 : INFO : Test_Customer_DDT : test_AddCust_ddt003 : 31 : Entering the Passwordadmin
 2023-05-29 14:46:36,992 : INFO : Test_Customer_DDT : test_AddCust_ddt003 : 33 : click the login Button
 2023-05-29 14:50:22,063 : INFO : Test_Customer_DDT : test_AddCust_ddt003 : 23 :  test 003 is staretd
 2023-05-29 14:50:22,064 : INFO : Test_Customer_DDT : test_AddCust_ddt003 : 24 : Opening Browser
 2023-05-29 14:50:27,404 : INFO : Test_Customer_DDT : test_AddCust_ddt003 : 26 : GO to this Url-->https://admin-demo.nopcommerce.com/
 2023-05-29 14:50:27,532 : INFO : Test_Customer_DDT : test_AddCust_ddt003 : 29 : Enterting the Emailadmin@yourstore.com
 2023-05-29 14:50:27,582 : INFO : Test_Customer_DDT : test_AddCust_ddt003 : 31 : Entering the Passwordadmin
 2023-05-29 14:50:31,558 : INFO : Test_Customer_DDT : test_AddCust_ddt003 : 33 : click the login Button
 2023-05-29 14:52:06,817 : INFO : Test_Customer_DDT : test_AddCust_ddt003 : 23 :  test 003 is staretd
 2023-05-29 14:52:06,817 : INFO : Test_Customer_DDT : test_AddCust_ddt003 : 24 : Opening Browser
 2023-05-29 14:52:10,887 : INFO : Test_Customer_DDT : test_AddCust_ddt003 : 26 : GO to this Url-->https://admin-demo.nopcommerce.com/
 2023-05-29 14:52:10,983 : INFO : Test_Customer_DDT : test_AddCust_ddt003 : 29 : Enterting the Emailadmin@yourstore.com
 2023-05-29 14:52:11,031 : INFO : Test_Customer_DDT : test_AddCust_ddt003 : 31 : Entering the Passwordadmin
 2023-05-29 14:52:14,371 : INFO : Test_Customer_DDT : test_AddCust_ddt003 : 33 : click the login Button
 2023-05-29 14:52:18,664 : INFO : Test_Customer_DDT : test_AddCust_ddt003 : 41 : Click the Customer Buttion
 2023-05-29 14:52:19,918 : INFO : Test_Customer_DDT : test_AddCust_ddt003 : 44 : click inside button
 2023-05-29 14:52:22,390 : INFO : Test_Customer_DDT : test_AddCust_ddt003 : 47 : click new add
 2023-05-29 14:53:41,529 : INFO : Test_Customer_DDT : test_AddCust_ddt003 : 23 :  test 003 is staretd
 2023-05-29 14:53:41,530 : INFO : Test_Customer_DDT : test_AddCust_ddt003 : 24 : Opening Browser
 2023-05-29 14:53:45,651 : INFO : Test_Customer_DDT : test_AddCust_ddt003 : 26 : GO to this Url-->https://admin-demo.nopcommerce.com/
 2023-05-29 14:53:45,735 : INFO : Test_Customer_DDT : test_AddCust_ddt003 : 29 : Enterting the Emailadmin@yourstore.com
 2023-05-29 14:53:45,767 : INFO : Test_Customer_DDT : test_AddCust_ddt003 : 31 : Entering the Passwordadmin
 2023-05-29 14:53:49,007 : INFO : Test_Customer_DDT : test_AddCust_ddt003 : 33 : click the login Button
 2023-05-29 14:53:53,278 : INFO : Test_Customer_DDT : test_AddCust_ddt003 : 40 : Click the Customer Buttion
 2023-05-29 14:53:55,595 : INFO : Test_Customer_DDT : test_AddCust_ddt003 : 43 : click inside button
 2023-05-29 14:53:58,473 : INFO : Test_Customer_DDT : test_AddCust_ddt003 : 46 : click new add
 2023-05-29 14:56:22,847 : INFO : Test_Customer_DDT : test_AddCust_ddt003 : 23 :  test 003 is staretd
 2023-05-29 14:56:22,847 : INFO : Test_Customer_DDT : test_AddCust_ddt003 : 24 : Opening Browser
 2023-05-29 14:56:26,514 : INFO : Test_Customer_DDT : test_AddCust_ddt003 : 26 : GO to this Url-->https://admin-demo.nopcommerce.com/
 2023-05-29 14:56:26,624 : INFO : Test_Customer_DDT : test_AddCust_ddt003 : 29 : Enterting the Emailadmin@yourstore.com
 2023-05-29 14:56:26,682 : INFO : Test_Customer_DDT : test_AddCust_ddt003 : 31 : Entering the Passwordadmin
 2023-05-29 14:56:29,352 : INFO : Test_Customer_DDT : test_AddCust_ddt003 : 33 : click the login Button
 2023-05-29 14:56:33,622 : INFO : Test_Customer_DDT : test_AddCust_ddt003 : 40 : Click the Customer Buttion
 2023-05-29 14:56:36,013 : INFO : Test_Customer_DDT : test_AddCust_ddt003 : 43 : click inside button
 2023-05-29 14:56:42,736 : INFO : Test_Customer_DDT : test_AddCust_ddt003 : 46 : click new add
 2023-05-29 15:10:05,396 : INFO : Test_Customer_DDT : test_AddCust_ddt003 : 23 :  test 003 is staretd
 2023-05-29 15:10:05,396 : INFO : Test_Customer_DDT : test_AddCust_ddt003 : 24 : Opening Browser
 2023-05-29 15:10:09,006 : INFO : Test_Customer_DDT : test_AddCust_ddt003 : 26 : GO to this Url-->https://admin-demo.nopcommerce.com/
 2023-05-29 15:10:09,108 : INFO : Test_Customer_DDT : test_AddCust_ddt003 : 29 : Enterting the Emailadmin@yourstore.com
 2023-05-29 15:10:09,135 : INFO : Test_Customer_DDT : test_AddCust_ddt003 : 31 : Entering the Passwordadmin
 2023-05-29 15:10:11,900 : INFO : Test_Customer_DDT : test_AddCust_ddt003 : 33 : click the login Button
 2023-05-29 15:10:16,161 : INFO : Test_Customer_DDT : test_AddCust_ddt003 : 40 : Click the Customer Buttion
 2023-05-29 15:10:17,251 : INFO : Test_Customer_DDT : test_AddCust_ddt003 : 43 : click inside button
 2023-05-29 15:10:18,502 : INFO : Test_Customer_DDT : test_AddCust_ddt003 : 46 : click new add
 2023-05-29 15:22:17,430 : INFO : Test_Customer_DDT : test_AddCust_ddt003 : 23 :  test 003 is staretd
 2023-05-29 15:22:17,431 : INFO : Test_Customer_DDT : test_AddCust_ddt003 : 24 : Opening Browser
 2023-05-29 15:22:22,120 : INFO : Test_Customer_DDT : test_AddCust_ddt003 : 26 : GO to this Url-->https://admin-demo.nopcommerce.com/
 2023-05-29 15:22:22,212 : INFO : Test_Customer_DDT : test_AddCust_ddt003 : 29 : Enterting the Emailadmin@yourstore.com
 2023-05-29 15:22:22,246 : INFO : Test_Customer_DDT : test_AddCust_ddt003 : 31 : Entering the Passwordadmin
 2023-05-29 15:22:26,367 : INFO : Test_Customer_DDT : test_AddCust_ddt003 : 33 : click the login Button
 2023-05-29 15:22:30,637 : INFO : Test_Customer_DDT : test_AddCust_ddt003 : 40 : Click the Customer Buttion
 2023-05-29 15:22:31,631 : INFO : Test_Customer_DDT : test_AddCust_ddt003 : 43 : click inside button
 2023-05-29 15:22:32,721 : INFO : Test_Customer_DDT : test_AddCust_ddt003 : 46 : click new add
 2023-05-29 15:26:15,950 : INFO : Test_Customer_DDT : test_AddCust_ddt003 : 23 :  test 003 is staretd
 2023-05-29 15:26:15,950 : INFO : Test_Customer_DDT : test_AddCust_ddt003 : 24 : Opening Browser
 2023-05-29 15:26:19,067 : INFO : Test_Customer_DDT : test_AddCust_ddt003 : 26 : GO to this Url-->https://admin-demo.nopcommerce.com/
 2023-05-29 15:26:59,319 : INFO : Test_Customer_DDT : test_AddCust_ddt003 : 23 :  test 003 is staretd
 2023-05-29 15:26:59,320 : INFO : Test_Customer_DDT : test_AddCust_ddt003 : 24 : Opening Browser
 2023-05-29 15:27:02,104 : INFO : Test_Customer_DDT : test_AddCust_ddt003 : 26 : GO to this Url-->https://admin-demo.nopcommerce.com/
 2023-05-29 15:27:02,215 : INFO : Test_Customer_DDT : test_AddCust_ddt003 : 29 : Enterting the Emailadmin@yourstore.com
 2023-05-29 15:27:02,259 : INFO : Test_Customer_DDT : test_AddCust_ddt003 : 31 : Entering the Passwordadmin
 2023-05-29 15:27:04,598 : INFO : Test_Customer_DDT : test_AddCust_ddt003 : 33 : click the login Button
 2023-05-29 15:27:08,857 : INFO : Test_Customer_DDT : test_AddCust_ddt003 : 40 : Click the Customer Buttion
 2023-05-29 15:27:09,774 : INFO : Test_Customer_DDT : test_AddCust_ddt003 : 43 : click inside button
 2023-05-29 15:27:10,935 : INFO : Test_Customer_DDT : test_AddCust_ddt003 : 46 : click new add
 2023-05-29 15:31:40,336 : INFO : Test_Customer_DDT : test_AddCust_ddt003 : 23 :  test 003 is staretd
 2023-05-29 15:31:40,337 : INFO : Test_Customer_DDT : test_AddCust_ddt003 : 24 : Opening Browser
 2023-05-29 15:31:44,205 : INFO : Test_Customer_DDT : test_AddCust_ddt003 : 26 : GO to this Url-->https://admin-demo.nopcommerce.com/
 2023-05-29 15:31:44,362 : INFO : Test_Customer_DDT : test_AddCust_ddt003 : 29 : Enterting the Emailadmin@yourstore.com
 2023-05-29 15:31:44,409 : INFO : Test_Customer_DDT : test_AddCust_ddt003 : 31 : Entering the Passwordadmin
 2023-05-29 15:31:48,163 : INFO : Test_Customer_DDT : test_AddCust_ddt003 : 33 : click the login Button
 2023-05-29 15:31:52,420 : INFO : Test_Customer_DDT : test_AddCust_ddt003 : 40 : Click the Customer Buttion
 2023-05-29 15:31:53,333 : INFO : Test_Customer_DDT : test_AddCust_ddt003 : 43 : click inside button
 2023-05-29 15:31:54,450 : INFO : Test_Customer_DDT : test_AddCust_ddt003 : 46 : click new add
 2023-05-29 17:23:38,733 : INFO : Test_Customer_DDT : test_AddCust_ddt003 : 23 :  test 003 is staretd
 2023-05-29 17:23:38,733 : INFO : Test_Customer_DDT : test_AddCust_ddt003 : 24 : Opening Browser
 2023-05-29 17:23:42,884 : INFO : Test_Customer_DDT : test_AddCust_ddt003 : 26 : GO to this Url-->https://admin-demo.nopcommerce.com/
 2023-05-29 17:23:42,979 : INFO : Test_Customer_DDT : test_AddCust_ddt003 : 29 : Enterting the Emailadmin@yourstore.com
 2023-05-29 17:23:43,012 : INFO : Test_Customer_DDT : test_AddCust_ddt003 : 31 : Entering the Passwordadmin
 2023-05-29 17:23:44,946 : INFO : Test_Customer_DDT : test_AddCust_ddt003 : 33 : click the login Button
 2023-05-29 17:23:49,201 : INFO : Test_Customer_DDT : test_AddCust_ddt003 : 40 : Click the Customer Buttion
 2023-05-29 17:23:50,065 : INFO : Test_Customer_DDT : test_AddCust_ddt003 : 43 : click inside button
 2023-05-29 17:23:50,955 : INFO : Test_Customer_DDT : test_AddCust_ddt003 : 46 : click new add
 2023-05-31 16:38:17,369 : INFO : Test_Login : test_login002 : 26 : test login 02 is stared
 2023-05-31 16:38:17,369 : INFO : Test_Login : test_login002 : 27 : opening Browser
 2023-05-31 16:38:21,229 : INFO : Test_Login : test_login002 : 29 : GO to this Url -->https://admin-demo.nopcommerce.com/
 2023-05-31 16:38:21,319 : INFO : Test_Login : test_login002 : 32 : Entering Email-->admin@yourstore.com
 2023-05-31 16:38:21,382 : INFO : Test_Login : test_login002 : 34 : Entering Password-->admin
 2023-05-31 16:38:24,428 : INFO : Test_Login : test_login002 : 36 : click on login Button
 2023-05-31 16:38:58,085 : INFO : Test_Login_Params : test_params04 : 27 : test login params 004 is started
 2023-05-31 16:38:58,085 : INFO : Test_Login_Params : test_params04 : 28 : opening browser
 2023-05-31 16:39:01,991 : INFO : Test_Login_Params : test_params04 : 30 : GO to this URL-->https://admin-demo.nopcommerce.com/
 2023-05-31 16:39:02,086 : INFO : Test_Login_Params : test_params04 : 33 : Entering Email-->admin@yourstore.com
 2023-05-31 16:39:02,086 : INFO : Test_Login_Params : test_params04 : 34 : Entering Email-->admin@yourstore.com
 2023-05-31 16:39:02,133 : INFO : Test_Login_Params : test_params04 : 36 : Entering password --->admin
 2023-05-31 16:39:02,133 : INFO : Test_Login_Params : test_params04 : 37 : Entering password -->admin
 2023-05-31 16:39:05,566 : INFO : Test_Login_Params : test_params04 : 39 : click on login button
 2023-05-31 16:39:09,335 : INFO : Test_Login_Params : test_params04 : 45 : click on logout button
 2023-05-31 16:39:09,339 : INFO : Test_Login_Params : test_params04 : 46 : test param is passed
 2023-05-31 16:39:15,014 : INFO : Test_Login_Params : test_params04 : 27 : test login params 004 is started
 2023-05-31 16:39:15,014 : INFO : Test_Login_Params : test_params04 : 28 : opening browser
 2023-05-31 16:39:18,106 : INFO : Test_Login_Params : test_params04 : 30 : GO to this URL-->https://admin-demo.nopcommerce.com/
 2023-05-31 16:39:18,176 : INFO : Test_Login_Params : test_params04 : 33 : Entering Email-->admin@yourstore.com1
 2023-05-31 16:39:18,176 : INFO : Test_Login_Params : test_params04 : 34 : Entering Email-->admin@yourstore.com
 2023-05-31 16:39:18,208 : INFO : Test_Login_Params : test_params04 : 36 : Entering password --->admin
 2023-05-31 16:39:18,208 : INFO : Test_Login_Params : test_params04 : 37 : Entering password -->admin
 2023-05-31 16:39:18,940 : INFO : Test_Login_Params : test_params04 : 39 : click on login button
 2023-05-31 16:39:18,944 : INFO : Test_Login_Params : test_params04 : 53 : test login is failed
 2023-05-31 16:39:24,835 : INFO : Test_Login_Params : test_params04 : 27 : test login params 004 is started
 2023-05-31 16:39:24,835 : INFO : Test_Login_Params : test_params04 : 28 : opening browser
 2023-05-31 16:39:28,710 : INFO : Test_Login_Params : test_params04 : 30 : GO to this URL-->https://admin-demo.nopcommerce.com/
 2023-05-31 16:39:28,806 : INFO : Test_Login_Params : test_params04 : 33 : Entering Email-->admin@yourstore.com
 2023-05-31 16:39:28,806 : INFO : Test_Login_Params : test_params04 : 34 : Entering Email-->admin@yourstore.com
 2023-05-31 16:39:28,835 : INFO : Test_Login_Params : test_params04 : 36 : Entering password --->admin1
 2023-05-31 16:39:28,835 : INFO : Test_Login_Params : test_params04 : 37 : Entering password -->admin
 2023-05-31 16:39:29,307 : INFO : Test_Login_Params : test_params04 : 39 : click on login button
 2023-05-31 16:39:29,311 : INFO : Test_Login_Params : test_params04 : 53 : test login is failed
 2023-05-31 16:39:35,232 : INFO : Test_Login_Params : test_params04 : 27 : test login params 004 is started
 2023-05-31 16:39:35,232 : INFO : Test_Login_Params : test_params04 : 28 : opening browser
 2023-05-31 16:39:38,640 : INFO : Test_Login_Params : test_params04 : 30 : GO to this URL-->https://admin-demo.nopcommerce.com/
 2023-05-31 16:39:38,767 : INFO : Test_Login_Params : test_params04 : 33 : Entering Email-->admin@yourstore.com2
 2023-05-31 16:39:38,767 : INFO : Test_Login_Params : test_params04 : 34 : Entering Email-->admin@yourstore.com
 2023-05-31 16:39:38,814 : INFO : Test_Login_Params : test_params04 : 36 : Entering password --->admin1231
 2023-05-31 16:39:38,814 : INFO : Test_Login_Params : test_params04 : 37 : Entering password -->admin
 2023-05-31 16:39:39,319 : INFO : Test_Login_Params : test_params04 : 39 : click on login button
 2023-05-31 16:39:39,334 : INFO : Test_Login_Params : test_params04 : 53 : test login is failed
 2023-05-31 16:50:15,780 : INFO : Test_Login_Params : test_params04 : 27 : test login params 004 is started
 2023-05-31 16:50:15,781 : INFO : Test_Login_Params : test_params04 : 28 : opening browser
 2023-05-31 16:50:19,462 : INFO : Test_Login_Params : test_params04 : 30 : GO to this URL-->https://admin-demo.nopcommerce.com/
 2023-05-31 16:50:19,555 : INFO : Test_Login_Params : test_params04 : 33 : Entering Email-->admin@yourstore.com
 2023-05-31 16:50:19,555 : INFO : Test_Login_Params : test_params04 : 34 : Entering Email-->admin@yourstore.com
 2023-05-31 16:50:19,584 : INFO : Test_Login_Params : test_params04 : 36 : Entering password --->admin
 2023-05-31 16:50:19,584 : INFO : Test_Login_Params : test_params04 : 37 : Entering password -->admin
 2023-05-31 16:50:21,932 : INFO : Test_Login_Params : test_params04 : 39 : click on login button
 2023-05-31 16:50:25,696 : INFO : Test_Login_Params : test_params04 : 45 : click on logout button
 2023-05-31 16:50:25,696 : INFO : Test_Login_Params : test_params04 : 46 : test param is passed
 2023-05-31 16:50:31,436 : INFO : Test_Login_Params : test_params04 : 27 : test login params 004 is started
 2023-05-31 16:50:31,436 : INFO : Test_Login_Params : test_params04 : 28 : opening browser
 2023-05-31 16:50:34,755 : INFO : Test_Login_Params : test_params04 : 30 : GO to this URL-->https://admin-demo.nopcommerce.com/
 2023-05-31 16:50:34,860 : INFO : Test_Login_Params : test_params04 : 33 : Entering Email-->admin@yourstore.com1
 2023-05-31 16:50:34,860 : INFO : Test_Login_Params : test_params04 : 34 : Entering Email-->admin@yourstore.com
 2023-05-31 16:50:34,901 : INFO : Test_Login_Params : test_params04 : 36 : Entering password --->admin
 2023-05-31 16:50:34,901 : INFO : Test_Login_Params : test_params04 : 37 : Entering password -->admin
 2023-05-31 16:50:35,444 : INFO : Test_Login_Params : test_params04 : 39 : click on login button
 2023-05-31 16:50:35,448 : INFO : Test_Login_Params : test_params04 : 53 : test login is failed
 2023-05-31 16:50:42,323 : INFO : Test_Login_Params : test_params04 : 27 : test login params 004 is started
 2023-05-31 16:50:42,323 : INFO : Test_Login_Params : test_params04 : 28 : opening browser
 2023-05-31 16:50:46,209 : INFO : Test_Login_Params : test_params04 : 30 : GO to this URL-->https://admin-demo.nopcommerce.com/
 2023-05-31 16:50:46,473 : INFO : Test_Login_Params : test_params04 : 33 : Entering Email-->admin@yourstore.com
 2023-05-31 16:50:46,473 : INFO : Test_Login_Params : test_params04 : 34 : Entering Email-->admin@yourstore.com
 2023-05-31 16:50:46,551 : INFO : Test_Login_Params : test_params04 : 36 : Entering password --->admin1
 2023-05-31 16:50:46,551 : INFO : Test_Login_Params : test_params04 : 37 : Entering password -->admin
 2023-05-31 16:50:47,148 : INFO : Test_Login_Params : test_params04 : 39 : click on login button
 2023-05-31 16:50:47,148 : INFO : Test_Login_Params : test_params04 : 53 : test login is failed
 2023-05-31 16:50:54,587 : INFO : Test_Login_Params : test_params04 : 27 : test login params 004 is started
 2023-05-31 16:50:54,587 : INFO : Test_Login_Params : test_params04 : 28 : opening browser
 2023-05-31 16:50:57,818 : INFO : Test_Login_Params : test_params04 : 30 : GO to this URL-->https://admin-demo.nopcommerce.com/
 2023-05-31 16:50:57,986 : INFO : Test_Login_Params : test_params04 : 33 : Entering Email-->admin@yourstore.com2
 2023-05-31 16:50:57,986 : INFO : Test_Login_Params : test_params04 : 34 : Entering Email-->admin@yourstore.com
 2023-05-31 16:50:58,058 : INFO : Test_Login_Params : test_params04 : 36 : Entering password --->admin1231
 2023-05-31 16:50:58,058 : INFO : Test_Login_Params : test_params04 : 37 : Entering password -->admin
 2023-05-31 16:50:59,168 : INFO : Test_Login_Params : test_params04 : 39 : click on login button
 2023-05-31 16:50:59,168 : INFO : Test_Login_Params : test_params04 : 53 : test login is failed
